Removed Pin From Net: NetName=GND Pin=D2-2
Removed Pin From Net: NetName=GND Pin=ETH-IN-1-G1
Removed Pin From Net: NetName=GND Pin=ETH-IN-1-G2
Removed Pin From Net: NetName=GND Pin=ETH-IN-2-G1
Removed Pin From Net: NetName=GND Pin=ETH-IN-2-G2
Removed Pin From Net: NetName=VCC Pin=L5-1
Removed Pin From Net: NetName=VCC Pin=L6-1
Removed Pin From Net: NetName=VCC Pin=LED1-1
Removed Pin From Net: NetName=GND Pin=POE-OUT-1-G1
Removed Pin From Net: NetName=GND Pin=POE-OUT-1-G2
Removed Pin From Net: NetName=GND Pin=POE-OUT-2-G1
Removed Pin From Net: NetName=GND Pin=POE-OUT-2-G2
Removed Pin From Net: NetName=GND Pin=Q2-2
Removed Pin From Net: NetName=NetLDeth2_2 Pin=R3-2
Removed Member From Class: ClassName=Sheet3 Member=C5
Removed Member From Class: ClassName=Sheet3 Member=C6
Removed Member From Class: ClassName=Sheet3 Member=C7
Removed Member From Class: ClassName=Sheet3 Member=C8
Removed Member From Class: ClassName=Sheet3 Member=D2
Removed Member From Class: ClassName=Sheet3 Member=ETH-IN-2
Removed Member From Class: ClassName=Sheet3 Member=L5
Removed Member From Class: ClassName=Sheet3 Member=L6
Removed Member From Class: ClassName=Sheet3 Member=L7
Removed Member From Class: ClassName=Sheet3 Member=L8
Removed Member From Class: ClassName=Sheet3 Member=LED1
Removed Member From Class: ClassName=Sheet3 Member=POE-OUT-2
Removed Member From Class: ClassName=Sheet3 Member=Q2
Removed Member From Class: ClassName=Sheet3 Member=R3
Removed Member From Class: ClassName=Sheet3 Member=R5
Change component parameters: Designator = "C1" ("C1"); Footprint = "1206 Capacitor"; UniqueID = "\WEHYSKLS" ("\WEHYSKLS")
Change component parameters: Designator = "C2" ("C2"); Footprint = "1206 Capacitor"; UniqueID = "\GVKTRKBP" ("\GVKTRKBP")
Change component parameters: Designator = "C3" ("C3"); Footprint = "1206 Capacitor"; UniqueID = "\BNFSGDYG" ("\BNFSGDYG")
Change component parameters: Designator = "C4" ("C4"); Footprint = "1206 Capacitor"; UniqueID = "\MNLBJQSB" ("\MNLBJQSB")
Added Pin To Net: NetName=NetLDeth2_2 Pin=R1-2
