Added Component: Designator=C1(1206 Capacitor)
Add component. Clean all parameters for all variants
Add component (AddParameter): Name = ""; Value = "100nF"; VariantName = "[No Variations]"
Added Component: Designator=C2(1206 Capacitor)
Add component. Clean all parameters for all variants
Add component (AddParameter): Name = ""; Value = "100nF"; VariantName = "[No Variations]"
Added Component: Designator=C3(1206 Capacitor)
Add component. Clean all parameters for all variants
Add component (AddParameter): Name = ""; Value = "100nF"; VariantName = "[No Variations]"
Added Component: Designator=C4(1206 Capacitor)
Add component. Clean all parameters for all variants
Add component (AddParameter): Name = ""; Value = "100nF"; VariantName = "[No Variations]"
Added Component: Designator=C5(1206 Capacitor)
Add component. Clean all parameters for all variants
Add component (AddParameter): Name = ""; Value = "100nF"; VariantName = "[No Variations]"
Added Pin To Net: NetName=GND Pin=C1-1
Added Pin To Net: NetName=VCC Pin=C1-2
Added Pin To Net: NetName=GND Pin=C2-1
Added Pin To Net: NetName=VCC Pin=C2-2
Added Pin To Net: NetName=GND Pin=C3-1
Added Pin To Net: NetName=VCC Pin=C3-2
Added Pin To Net: NetName=GND Pin=C4-1
Added Pin To Net: NetName=VCC Pin=C4-2
Added Pin To Net: NetName=GND Pin=C5-1
Added Pin To Net: NetName=VCC Pin=C5-2
Added Member To Class: ClassName=Sheet2 Member=Component C1 Capacitor SMD
Added Member To Class: ClassName=Sheet2 Member=Component C2 Capacitor SMD
Added Member To Class: ClassName=Sheet2 Member=Component C3 Capacitor SMD
Added Member To Class: ClassName=Sheet2 Member=Component C4 Capacitor SMD
Added Member To Class: ClassName=Sheet2 Member=Component C5 Capacitor SMD
Added Room: Name=Sheet2
