Added Component: Designator=J1(Power Jack)
Add component. Clean all parameters for all variants
Add component (AddParameter): Name = "Adding Date"; Value = "10/21/2009"; VariantName = "[No Variations]"
Add component (AddParameter): Name = "Company"; Value = "Personal"; VariantName = "[No Variations]"
Add component (AddParameter): Name = "Designer"; Value = "Saeid Jorablo"; VariantName = "[No Variations]"
Add component (AddParameter): Name = "Project Name"; Value = "Laser"; VariantName = "[No Variations]"
Added Pin To Net: NetName=VCC1 Pin=J1-1
Added Pin To Net: NetName=VCC1 Pin=J1-1
Added Pin To Net: NetName=VCC1 Pin=J1-1
Added Pin To Net: NetName=VCC1 Pin=J1-1
Added Pin To Net: NetName=VCC1 Pin=J1-1
Added Pin To Net: NetName=VCC1 Pin=J1-1
Added Pin To Net: NetName=VCC1 Pin=J1-1
Added Pin To Net: NetName=GND1 Pin=J1-2
Added Pin To Net: NetName=GND1 Pin=J1-2
Added Pin To Net: NetName=GND1 Pin=J1-2
Added Pin To Net: NetName=GND1 Pin=J1-2
Added Pin To Net: NetName=GND1 Pin=J1-2
Added Pin To Net: NetName=GND1 Pin=J1-3
Added Pin To Net: NetName=GND1 Pin=J1-3
Added Pin To Net: NetName=GND1 Pin=J1-3
Added Pin To Net: NetName=GND1 Pin=J1-3
Added Pin To Net: NetName=GND1 Pin=J1-3
Added Member To Class: ClassName=Sheet1 Member=Component J1 Power Jack
Added Room: Name=Sheet1
