Added Component: Designator=D1(Diode 1W)
Add component. Clean all parameters for all variants
Add component (AddParameter): Name = "Company"; Value = "E.P.I.L"; VariantName = "[No Variations]"
Add component (AddParameter): Name = "Design Date"; Value = "2011/11/02"; VariantName = "[No Variations]"
Add component (AddParameter): Name = "Designer"; Value = "Saeid Jorablo"; VariantName = "[No Variations]"
Add component (AddParameter): Name = "Voltage"; Value = "3.3 V"; VariantName = "[No Variations]"
Added Component: Designator=J1(Power Jack)
Add component. Clean all parameters for all variants
Add component (AddParameter): Name = "Adding Date"; Value = "10/21/2009"; VariantName = "[No Variations]"
Add component (AddParameter): Name = "Company"; Value = "Personal"; VariantName = "[No Variations]"
Add component (AddParameter): Name = "Designer"; Value = "Saeid Jorablo"; VariantName = "[No Variations]"
Add component (AddParameter): Name = "Project Name"; Value = "Laser"; VariantName = "[No Variations]"
Added Component: Designator=LED1(LED-5mm)
Add component. Clean all parameters for all variants
Add component (AddParameter): Name = "Adding Date"; Value = "1387/12/22"; VariantName = "[No Variations]"
Add component (AddParameter): Name = "Color"; Value = "Red"; VariantName = "[No Variations]"
Add component (AddParameter): Name = "Designer"; Value = "Saeid Jorablo"; VariantName = "[No Variations]"
Add component (AddParameter): Name = "Organazation"; Value = "ControTec"; VariantName = "[No Variations]"
Add component (AddParameter): Name = "Size"; Value = "SMD 1206"; VariantName = "[No Variations]"
Added Component: Designator=R1(RES 1206 (3216X08L))
Add component. Clean all parameters for all variants
Add component (AddParameter): Name = "Power"; Value = "1/8 W"; VariantName = "[No Variations]"
Add component (AddParameter): Name = "Tolerance"; Value = "5%"; VariantName = "[No Variations]"
Add component (AddParameter): Name = "Value"; Value = "330"; VariantName = "[No Variations]"
Added Component: Designator=R2(RES 1206 (3216X08L))
Add component. Clean all parameters for all variants
Add component (AddParameter): Name = "Power"; Value = "1/8 W"; VariantName = "[No Variations]"
Add component (AddParameter): Name = "Tolerance"; Value = "5%"; VariantName = "[No Variations]"
Add component (AddParameter): Name = "Value"; Value = "330"; VariantName = "[No Variations]"
Added Component: Designator=RJ1(PCBComponent_1)
Add component. Clean all parameters for all variants
Added Component: Designator=RJ2(PCBComponent_1)
Add component. Clean all parameters for all variants
Added Pin To Net: NetName=GND1 Pin=D1-1
Added Pin To Net: NetName=GND1 Pin=J1-2
Added Pin To Net: NetName=GND1 Pin=J1-2
Added Pin To Net: NetName=GND1 Pin=J1-2
Added Pin To Net: NetName=GND1 Pin=J1-2
Added Pin To Net: NetName=GND1 Pin=J1-2
Added Pin To Net: NetName=GND1 Pin=J1-3
Added Pin To Net: NetName=GND1 Pin=J1-3
Added Pin To Net: NetName=GND1 Pin=J1-3
Added Pin To Net: NetName=GND1 Pin=J1-3
Added Pin To Net: NetName=GND1 Pin=J1-3
Added Pin To Net: NetName=GND1 Pin=R2-1
Added Net: Name=GND1
Added Pin To Net: NetName=NetD1_2 Pin=D1-2
Added Pin To Net: NetName=NetD1_2 Pin=LED1-1
Added Pin To Net: NetName=NetD1_2 Pin=R1-1
Added Net: Name=NetD1_2
Added Pin To Net: NetName=NetLED1_2 Pin=LED1-2
Added Pin To Net: NetName=NetLED1_2 Pin=R2-2
Added Net: Name=NetLED1_2
Added Net: Name=NetRJ1_1
Added Net: Name=NetRJ1_2
Added Net: Name=NetRJ1_3
Added Net: Name=NetRJ1_6
Added Pin To Net: NetName=VCC1 Pin=J1-1
Added Pin To Net: NetName=VCC1 Pin=J1-1
Added Pin To Net: NetName=VCC1 Pin=J1-1
Added Pin To Net: NetName=VCC1 Pin=J1-1
Added Pin To Net: NetName=VCC1 Pin=J1-1
Added Pin To Net: NetName=VCC1 Pin=J1-1
Added Pin To Net: NetName=VCC1 Pin=J1-1
Added Pin To Net: NetName=VCC1 Pin=R1-2
Added Net: Name=VCC1
Added Class: Name=Sheet1
Added Room: Name=Sheet1
