Added Component: Designator=D1(Diode 1W)
Add component. Clean all parameters for all variants
Add component (AddParameter): Name = "Company"; Value = "E.P.I.L"; VariantName = "[No Variations]"
Add component (AddParameter): Name = "Design Date"; Value = "2011/11/02"; VariantName = "[No Variations]"
Add component (AddParameter): Name = "Designer"; Value = "Saeid Jorablo"; VariantName = "[No Variations]"
Add component (AddParameter): Name = "Voltage"; Value = "12V"; VariantName = "[No Variations]"
Added Component: Designator=LED2(LED-5mm)
Add component. Clean all parameters for all variants
Add component (AddParameter): Name = "Adding Date"; Value = "1387/12/22"; VariantName = "[No Variations]"
Add component (AddParameter): Name = "Color"; Value = "Red"; VariantName = "[No Variations]"
Add component (AddParameter): Name = "Designer"; Value = "Saeid Jorablo"; VariantName = "[No Variations]"
Add component (AddParameter): Name = "Organazation"; Value = "ControTec"; VariantName = "[No Variations]"
Add component (AddParameter): Name = "Size"; Value = "SMD 1206"; VariantName = "[No Variations]"
Added Component: Designator=R1(RES 1206 (3216X08L))
Add component. Clean all parameters for all variants
Add component (AddParameter): Name = "Power"; Value = "1/8 W"; VariantName = "[No Variations]"
Add component (AddParameter): Name = "Tolerance"; Value = "5%"; VariantName = "[No Variations]"
Add component (AddParameter): Name = "Value"; Value = "330R"; VariantName = "[No Variations]"
Added Component: Designator=R2(RES 1206 (3216X08L))
Add component. Clean all parameters for all variants
Add component (AddParameter): Name = "Power"; Value = "1/8 W"; VariantName = "[No Variations]"
Add component (AddParameter): Name = "Tolerance"; Value = "5%"; VariantName = "[No Variations]"
Add component (AddParameter): Name = "Value"; Value = "330R"; VariantName = "[No Variations]"
Added Component: Designator=RJ1(rj45-w57-4)
Add component. Clean all parameters for all variants
Added Component: Designator=RJ2(rj45-w57-4)
Add component. Clean all parameters for all variants
Added Component: Designator=RJ3(rj45-w57-4)
Add component. Clean all parameters for all variants
Added Component: Designator=RJ4(rj45-w57-4)
Add component. Clean all parameters for all variants
Added Component: Designator=T1(phoenix terminal 2)
Add component. Clean all parameters for all variants
Add component (AddParameter): Name = "ComponentLinkURL"; Value = "www.picpars.com"; VariantName = "[No Variations]"
Add component (AddParameter): Name = "Designer"; Value = "Seyed Mohsen Ghasemain"; VariantName = "[No Variations]"
Add component (AddParameter): Name = "E-mail"; Value = "picpars@gmail.com"; VariantName = "[No Variations]"
Added Pin To Net: NetName=GND Pin=D1-1
Added Pin To Net: NetName=GND Pin=R2-1
Added Pin To Net: NetName=GND Pin=RJ2-7
Added Pin To Net: NetName=GND Pin=RJ2-8
Added Pin To Net: NetName=GND Pin=RJ2-15
Added Pin To Net: NetName=GND Pin=RJ2-16
Added Pin To Net: NetName=GND Pin=RJ2-23
Added Pin To Net: NetName=GND Pin=RJ2-24
Added Pin To Net: NetName=GND Pin=RJ2-31
Added Pin To Net: NetName=GND Pin=RJ2-32
Added Pin To Net: NetName=GND Pin=RJ4-7
Added Pin To Net: NetName=GND Pin=RJ4-8
Added Pin To Net: NetName=GND Pin=RJ4-15
Added Pin To Net: NetName=GND Pin=RJ4-16
Added Pin To Net: NetName=GND Pin=RJ4-23
Added Pin To Net: NetName=GND Pin=RJ4-24
Added Pin To Net: NetName=GND Pin=RJ4-31
Added Pin To Net: NetName=GND Pin=RJ4-32
Added Pin To Net: NetName=GND Pin=T1-2
Added Net: Name=GND
Added Pin To Net: NetName=NetD1_2 Pin=D1-2
Added Pin To Net: NetName=NetD1_2 Pin=LED2-1
Added Pin To Net: NetName=NetD1_2 Pin=R1-2
Added Net: Name=NetD1_2
Added Pin To Net: NetName=NetLED2_2 Pin=LED2-2
Added Pin To Net: NetName=NetLED2_2 Pin=R2-2
Added Net: Name=NetLED2_2
Added Pin To Net: NetName=RX+p1 Pin=RJ1-27
Added Pin To Net: NetName=RX+p1 Pin=RJ2-3
Added Net: Name=RX+p1
Added Pin To Net: NetName=RX+p2 Pin=RJ1-19
Added Pin To Net: NetName=RX+p2 Pin=RJ2-11
Added Net: Name=RX+p2
Added Pin To Net: NetName=RX+p3 Pin=RJ1-11
Added Pin To Net: NetName=RX+p3 Pin=RJ2-19
Added Net: Name=RX+p3
Added Pin To Net: NetName=RX+p4 Pin=RJ1-3
Added Pin To Net: NetName=RX+p4 Pin=RJ2-27
Added Net: Name=RX+p4
Added Pin To Net: NetName=RX+p5 Pin=RJ3-27
Added Pin To Net: NetName=RX+p5 Pin=RJ4-3
Added Net: Name=RX+p5
Added Pin To Net: NetName=RX+p6 Pin=RJ3-19
Added Pin To Net: NetName=RX+p6 Pin=RJ4-11
Added Net: Name=RX+p6
Added Pin To Net: NetName=RX+p7 Pin=RJ3-11
Added Pin To Net: NetName=RX+p7 Pin=RJ4-19
Added Net: Name=RX+p7
Added Pin To Net: NetName=RX+p8 Pin=RJ3-3
Added Pin To Net: NetName=RX+p8 Pin=RJ4-27
Added Net: Name=RX+p8
Added Pin To Net: NetName=RX-p1 Pin=RJ1-30
Added Pin To Net: NetName=RX-p1 Pin=RJ2-6
Added Net: Name=RX-p1
Added Pin To Net: NetName=RX-p2 Pin=RJ1-22
Added Pin To Net: NetName=RX-p2 Pin=RJ2-14
Added Net: Name=RX-p2
Added Pin To Net: NetName=RX-p3 Pin=RJ1-14
Added Pin To Net: NetName=RX-p3 Pin=RJ2-22
Added Net: Name=RX-p3
Added Pin To Net: NetName=RX-p4 Pin=RJ1-6
Added Pin To Net: NetName=RX-p4 Pin=RJ2-30
Added Net: Name=RX-p4
Added Pin To Net: NetName=RX-p5 Pin=RJ3-30
Added Pin To Net: NetName=RX-p5 Pin=RJ4-6
Added Net: Name=RX-p5
Added Pin To Net: NetName=RX-p6 Pin=RJ3-22
Added Pin To Net: NetName=RX-p6 Pin=RJ4-14
Added Net: Name=RX-p6
Added Pin To Net: NetName=RX-p7 Pin=RJ3-14
Added Pin To Net: NetName=RX-p7 Pin=RJ4-22
Added Net: Name=RX-p7
Added Pin To Net: NetName=RX-p8 Pin=RJ3-6
Added Pin To Net: NetName=RX-p8 Pin=RJ4-30
Added Net: Name=RX-p8
Added Pin To Net: NetName=TX+p1 Pin=RJ1-25
Added Pin To Net: NetName=TX+p1 Pin=RJ2-1
Added Net: Name=TX+p1
Added Pin To Net: NetName=TX+p2 Pin=RJ1-17
Added Pin To Net: NetName=TX+p2 Pin=RJ2-9
Added Net: Name=TX+p2
Added Pin To Net: NetName=TX+p3 Pin=RJ1-9
Added Pin To Net: NetName=TX+p3 Pin=RJ2-17
Added Net: Name=TX+p3
Added Pin To Net: NetName=TX+p4 Pin=RJ1-1
Added Pin To Net: NetName=TX+p4 Pin=RJ2-25
Added Net: Name=TX+p4
Added Pin To Net: NetName=TX+p5 Pin=RJ3-25
Added Pin To Net: NetName=TX+p5 Pin=RJ4-1
Added Net: Name=TX+p5
Added Pin To Net: NetName=TX+p6 Pin=RJ3-17
Added Pin To Net: NetName=TX+p6 Pin=RJ4-9
Added Net: Name=TX+p6
Added Pin To Net: NetName=TX+p7 Pin=RJ3-9
Added Pin To Net: NetName=TX+p7 Pin=RJ4-17
Added Net: Name=TX+p7
Added Pin To Net: NetName=TX+p8 Pin=RJ3-1
Added Pin To Net: NetName=TX+p8 Pin=RJ4-25
Added Net: Name=TX+p8
Added Pin To Net: NetName=TX-p1 Pin=RJ1-26
Added Pin To Net: NetName=TX-p1 Pin=RJ2-2
Added Net: Name=TX-p1
Added Pin To Net: NetName=TX-p2 Pin=RJ1-18
Added Pin To Net: NetName=TX-p2 Pin=RJ2-10
Added Net: Name=TX-p2
Added Pin To Net: NetName=TX-p3 Pin=RJ1-10
Added Pin To Net: NetName=TX-p3 Pin=RJ2-18
Added Net: Name=TX-p3
Added Pin To Net: NetName=TX-p4 Pin=RJ1-2
Added Pin To Net: NetName=TX-p4 Pin=RJ2-26
Added Net: Name=TX-p4
Added Pin To Net: NetName=TX-p5 Pin=RJ3-26
Added Pin To Net: NetName=TX-p5 Pin=RJ4-2
Added Net: Name=TX-p5
Added Pin To Net: NetName=TX-p6 Pin=RJ3-18
Added Pin To Net: NetName=TX-p6 Pin=RJ4-10
Added Net: Name=TX-p6
Added Pin To Net: NetName=TX-p7 Pin=RJ3-10
Added Pin To Net: NetName=TX-p7 Pin=RJ4-18
Added Net: Name=TX-p7
Added Pin To Net: NetName=TX-p8 Pin=RJ3-2
Added Pin To Net: NetName=TX-p8 Pin=RJ4-26
Added Net: Name=TX-p8
Added Pin To Net: NetName=VCC Pin=R1-1
Added Pin To Net: NetName=VCC Pin=RJ2-4
Added Pin To Net: NetName=VCC Pin=RJ2-5
Added Pin To Net: NetName=VCC Pin=RJ2-12
Added Pin To Net: NetName=VCC Pin=RJ2-13
Added Pin To Net: NetName=VCC Pin=RJ2-20
Added Pin To Net: NetName=VCC Pin=RJ2-21
Added Pin To Net: NetName=VCC Pin=RJ2-28
Added Pin To Net: NetName=VCC Pin=RJ2-29
Added Pin To Net: NetName=VCC Pin=RJ4-4
Added Pin To Net: NetName=VCC Pin=RJ4-5
Added Pin To Net: NetName=VCC Pin=RJ4-12
Added Pin To Net: NetName=VCC Pin=RJ4-13
Added Pin To Net: NetName=VCC Pin=RJ4-20
Added Pin To Net: NetName=VCC Pin=RJ4-21
Added Pin To Net: NetName=VCC Pin=RJ4-28
Added Pin To Net: NetName=VCC Pin=RJ4-29
Added Pin To Net: NetName=VCC Pin=T1-1
Added Net: Name=VCC
Added Class: Name=Sheet2
Added Room: Name=Sheet2
