Removed Pin From Net: NetName=VCC Pin=RJ2-33
Removed Pin From Net: NetName=VCC Pin=RJ2-34
Removed Pin From Net: NetName=VCC Pin=RJ2-35
Removed Pin From Net: NetName=VCC Pin=RJ2-36
Removed Pin From Net: NetName=VCC Pin=RJ2-37
Removed Pin From Net: NetName=VCC Pin=RJ4-34
Removed Pin From Net: NetName=VCC Pin=RJ4-35
Removed Pin From Net: NetName=VCC Pin=RJ4-36
Removed Pin From Net: NetName=VCC Pin=RJ4-37
Added Component: Designator=RJ3(rj45-w57-4)
Add component. Clean all parameters for all variants
Added Pin To Net: NetName=TX+p8 Pin=RJ3-1
Added Pin To Net: NetName=TX-p8 Pin=RJ3-2
Added Pin To Net: NetName=RX+p8 Pin=RJ3-3
Added Pin To Net: NetName=RX-p8 Pin=RJ3-6
Added Pin To Net: NetName=TX+p7 Pin=RJ3-9
Added Pin To Net: NetName=TX+p7 Pin=RJ3-9
Added Pin To Net: NetName=TX+p7 Pin=RJ3-9
Added Pin To Net: NetName=TX+p7 Pin=RJ3-9
Added Pin To Net: NetName=TX+p7 Pin=RJ3-9
Added Pin To Net: NetName=TX-p7 Pin=RJ3-10
Added Pin To Net: NetName=TX-p7 Pin=RJ3-10
Added Pin To Net: NetName=RX+p7 Pin=RJ3-11
Added Pin To Net: NetName=RX-p7 Pin=RJ3-14
Added Pin To Net: NetName=TX+p6 Pin=RJ3-17
Added Pin To Net: NetName=TX-p6 Pin=RJ3-18
Added Pin To Net: NetName=RX+p6 Pin=RJ3-19
Added Pin To Net: NetName=RX-p6 Pin=RJ3-22
Added Pin To Net: NetName=TX+p5 Pin=RJ3-25
Added Pin To Net: NetName=TX-p5 Pin=RJ3-26
Added Pin To Net: NetName=RX+p5 Pin=RJ3-27
Added Pin To Net: NetName=RX-p5 Pin=RJ3-30
Added Member To Class: ClassName=Sheet2 Member=Component RJ3 
Added Room: Name=Sheet2
