Added Component: Designator=RJ45-1(rj45-w57-4)
Add component. Clean all parameters for all variants
Added Component: Designator=RJ45-2(rj45-w57-4)
Add component. Clean all parameters for all variants
Added Pin To Net: NetName=TX+p4 Pin=RJ45-1-1
Added Pin To Net: NetName=TX-p4 Pin=RJ45-1-2
Added Pin To Net: NetName=RX+p4 Pin=RJ45-1-3
Added Pin To Net: NetName=RX-p4 Pin=RJ45-1-6
Added Pin To Net: NetName=TX+p3 Pin=RJ45-1-9
Added Pin To Net: NetName=TX-p3 Pin=RJ45-1-10
Added Pin To Net: NetName=RX+p3 Pin=RJ45-1-11
Added Pin To Net: NetName=RX-p3 Pin=RJ45-1-14
Added Pin To Net: NetName=TX+p2 Pin=RJ45-1-17
Added Pin To Net: NetName=TX-p2 Pin=RJ45-1-18
Added Pin To Net: NetName=RX+p2 Pin=RJ45-1-19
Added Pin To Net: NetName=RX-p2 Pin=RJ45-1-22
Added Pin To Net: NetName=TX+p1 Pin=RJ45-1-25
Added Pin To Net: NetName=TX-p1 Pin=RJ45-1-26
Added Pin To Net: NetName=RX+p1 Pin=RJ45-1-27
Added Pin To Net: NetName=RX-p1 Pin=RJ45-1-30
Added Pin To Net: NetName=TX+p1 Pin=RJ45-2-1
Added Pin To Net: NetName=TX-p1 Pin=RJ45-2-2
Added Pin To Net: NetName=RX+p1 Pin=RJ45-2-3
Added Pin To Net: NetName=VCC Pin=RJ45-2-4
Added Pin To Net: NetName=VCC Pin=RJ45-2-5
Added Pin To Net: NetName=RX-p1 Pin=RJ45-2-6
Added Pin To Net: NetName=GND Pin=RJ45-2-7
Added Pin To Net: NetName=GND Pin=RJ45-2-8
Added Pin To Net: NetName=TX+p2 Pin=RJ45-2-9
Added Pin To Net: NetName=TX-p2 Pin=RJ45-2-10
Added Pin To Net: NetName=RX+p2 Pin=RJ45-2-11
Added Pin To Net: NetName=VCC Pin=RJ45-2-12
Added Pin To Net: NetName=VCC Pin=RJ45-2-13
Added Pin To Net: NetName=RX-p2 Pin=RJ45-2-14
Added Pin To Net: NetName=GND Pin=RJ45-2-15
Added Pin To Net: NetName=GND Pin=RJ45-2-16
Added Pin To Net: NetName=TX+p3 Pin=RJ45-2-17
Added Pin To Net: NetName=TX-p3 Pin=RJ45-2-18
Added Pin To Net: NetName=RX+p3 Pin=RJ45-2-19
Added Pin To Net: NetName=VCC Pin=RJ45-2-20
Added Pin To Net: NetName=VCC Pin=RJ45-2-21
Added Pin To Net: NetName=RX-p3 Pin=RJ45-2-22
Added Pin To Net: NetName=GND Pin=RJ45-2-23
Added Pin To Net: NetName=GND Pin=RJ45-2-24
Added Pin To Net: NetName=TX+p4 Pin=RJ45-2-25
Added Pin To Net: NetName=TX-p4 Pin=RJ45-2-26
Added Pin To Net: NetName=RX+p4 Pin=RJ45-2-27
Added Pin To Net: NetName=VCC Pin=RJ45-2-28
Added Pin To Net: NetName=VCC Pin=RJ45-2-29
Added Pin To Net: NetName=RX-p4 Pin=RJ45-2-30
Added Pin To Net: NetName=GND Pin=RJ45-2-31
Added Pin To Net: NetName=GND Pin=RJ45-2-32
Added Member To Class: ClassName=Sheet1 Member=Component RJ45-1 
Added Member To Class: ClassName=Sheet1 Member=Component RJ45-2 
