Removed Pin From Net: NetName=GND Pin=RJ2-33
Removed Pin From Net: NetName=GND Pin=RJ2-34
Removed Pin From Net: NetName=GND Pin=RJ2-35
Removed Pin From Net: NetName=GND Pin=RJ2-36
Removed Pin From Net: NetName=GND Pin=RJ2-37
Removed Pin From Net: NetName=GND Pin=RJ4-33
Removed Pin From Net: NetName=GND Pin=RJ4-34
Removed Pin From Net: NetName=GND Pin=RJ4-35
Removed Pin From Net: NetName=GND Pin=RJ4-36
Removed Pin From Net: NetName=GND Pin=RJ4-37
Added Component: Designator=C1(1206 Capacitor)
Add component. Clean all parameters for all variants
Add component (AddParameter): Name = ""; Value = "100nF"; VariantName = "[No Variations]"
Added Component: Designator=C2(1206 Capacitor)
Add component. Clean all parameters for all variants
Add component (AddParameter): Name = ""; Value = "100nF"; VariantName = "[No Variations]"
Added Component: Designator=C3(1206 Capacitor)
Add component. Clean all parameters for all variants
Add component (AddParameter): Name = ""; Value = "100nF"; VariantName = "[No Variations]"
Added Component: Designator=C4(1206 Capacitor)
Add component. Clean all parameters for all variants
Add component (AddParameter): Name = ""; Value = "100nF"; VariantName = "[No Variations]"
Added Component: Designator=C5(1206 Capacitor)
Add component. Clean all parameters for all variants
Add component (AddParameter): Name = ""; Value = "100nF"; VariantName = "[No Variations]"
Added Component: Designator=C6(1206 Capacitor)
Add component. Clean all parameters for all variants
Add component (AddParameter): Name = ""; Value = "100nF"; VariantName = "[No Variations]"
Added Component: Designator=C7(1206 Capacitor)
Add component. Clean all parameters for all variants
Add component (AddParameter): Name = ""; Value = "100nF"; VariantName = "[No Variations]"
Added Component: Designator=C8(1206 Capacitor)
Add component. Clean all parameters for all variants
Add component (AddParameter): Name = ""; Value = "100nF"; VariantName = "[No Variations]"
Added Pin To Net: NetName=GND Pin=C1-1
Added Pin To Net: NetName=VCC Pin=C1-2
Added Pin To Net: NetName=GND Pin=C2-1
Added Pin To Net: NetName=VCC Pin=C2-2
Added Pin To Net: NetName=GND Pin=C3-1
Added Pin To Net: NetName=VCC Pin=C3-2
Added Pin To Net: NetName=GND Pin=C4-1
Added Pin To Net: NetName=VCC Pin=C4-2
Added Pin To Net: NetName=GND Pin=C5-1
Added Pin To Net: NetName=VCC Pin=C5-2
Added Pin To Net: NetName=GND Pin=C6-1
Added Pin To Net: NetName=VCC Pin=C6-2
Added Pin To Net: NetName=GND Pin=C7-1
Added Pin To Net: NetName=VCC Pin=C7-2
Added Pin To Net: NetName=GND Pin=C8-1
Added Pin To Net: NetName=VCC Pin=C8-2
Added Member To Class: ClassName=Sheet2 Member=Component C1 Capacitor SMD
Added Member To Class: ClassName=Sheet2 Member=Component C2 Capacitor SMD
Added Member To Class: ClassName=Sheet2 Member=Component C3 Capacitor SMD
Added Member To Class: ClassName=Sheet2 Member=Component C4 Capacitor SMD
Added Member To Class: ClassName=Sheet2 Member=Component C5 Capacitor SMD
Added Member To Class: ClassName=Sheet2 Member=Component C6 Capacitor SMD
Added Member To Class: ClassName=Sheet2 Member=Component C7 Capacitor SMD
Added Member To Class: ClassName=Sheet2 Member=Component C8 Capacitor SMD
Added Room: Name=Sheet2
